<?xml version="1.0" encoding="UTF-8"?>
<coverage generated="1739147211136" clover="3.2.0">
  <project timestamp="1739147211137" name="All files">
    <metrics statements="60" coveredstatements="32" conditionals="16" coveredconditionals="8" methods="26" coveredmethods="6" elements="102" coveredelements="46" complexity="0" loc="60" ncloc="60" packages="2" files="2" classes="2"/>
    <package name="app">
      <metrics statements="15" coveredstatements="15" conditionals="0" coveredconditionals="0" methods="12" coveredmethods="2"/>
      <file name="api.js" path="C:\Users\nicol\OneDrive\Documentos\GitHub\KRMCFrontend\src\app\api.js">
        <metrics statements="15" coveredstatements="15" conditionals="0" coveredconditionals="0" methods="12" coveredmethods="2"/>
        <line num="3" count="4" type="stmt"/>
        <line num="5" count="4" type="stmt"/>
        <line num="6" count="4" type="stmt"/>
        <line num="8" count="4" type="stmt"/>
        <line num="12" count="4" type="stmt"/>
        <line num="13" count="4" type="stmt"/>
        <line num="14" count="4" type="stmt"/>
        <line num="15" count="4" type="stmt"/>
        <line num="18" count="4" type="stmt"/>
        <line num="19" count="4" type="stmt"/>
        <line num="20" count="4" type="stmt"/>
        <line num="21" count="4" type="stmt"/>
        <line num="23" count="4" type="stmt"/>
        <line num="24" count="4" type="stmt"/>
        <line num="26" count="4" type="stmt"/>
      </file>
    </package>
    <package name="components">
      <metrics statements="45" coveredstatements="17" conditionals="16" coveredconditionals="8" methods="14" coveredmethods="4"/>
      <file name="ApplicationForm.jsx" path="C:\Users\nicol\OneDrive\Documentos\GitHub\KRMCFrontend\src\components\ApplicationForm.jsx">
        <metrics statements="45" coveredstatements="17" conditionals="16" coveredconditionals="8" methods="14" coveredmethods="4"/>
        <line num="5" count="4" type="stmt"/>
        <line num="6" count="4" type="stmt"/>
        <line num="7" count="4" type="stmt"/>
        <line num="8" count="4" type="stmt"/>
        <line num="9" count="4" type="stmt"/>
        <line num="10" count="4" type="stmt"/>
        <line num="11" count="4" type="stmt"/>
        <line num="14" count="4" type="stmt"/>
        <line num="15" count="4" type="cond" truecount="1" falsecount="1"/>
        <line num="16" count="0" type="stmt"/>
        <line num="17" count="0" type="stmt"/>
        <line num="18" count="0" type="stmt"/>
        <line num="19" count="0" type="stmt"/>
        <line num="23" count="4" type="stmt"/>
        <line num="24" count="0" type="stmt"/>
        <line num="28" count="0" type="stmt"/>
        <line num="29" count="0" type="stmt"/>
        <line num="30" count="0" type="cond" truecount="0" falsecount="2"/>
        <line num="31" count="0" type="stmt"/>
        <line num="32" count="0" type="stmt"/>
        <line num="33" count="0" type="stmt"/>
        <line num="34" count="0" type="stmt"/>
        <line num="36" count="0" type="stmt"/>
        <line num="37" count="0" type="stmt"/>
        <line num="39" count="0" type="stmt"/>
        <line num="40" count="0" type="stmt"/>
        <line num="41" count="0" type="stmt"/>
        <line num="42" count="0" type="stmt"/>
        <line num="43" count="0" type="stmt"/>
        <line num="46" count="0" type="stmt"/>
        <line num="50" count="4" type="stmt"/>
        <line num="51" count="4" type="stmt"/>
        <line num="52" count="4" type="stmt"/>
        <line num="55" count="4" type="stmt"/>
        <line num="56" count="4" type="stmt"/>
        <line num="57" count="4" type="stmt"/>
        <line num="58" count="0" type="stmt"/>
        <line num="59" count="0" type="stmt"/>
        <line num="61" count="0" type="stmt"/>
        <line num="66" count="4" type="stmt"/>
        <line num="86" count="0" type="stmt"/>
        <line num="90" count="0" type="stmt"/>
        <line num="94" count="0" type="stmt"/>
        <line num="100" count="0" type="stmt"/>
        <line num="105" count="0" type="stmt"/>
      </file>
    </package>
  </project>
</coverage>
