{"C:\\Users\\nicol\\OneDrive\\Documentos\\GitHub\\KRMCFrontend\\src\\app\\api.js": {"path":"C:\\Users\\nicol\\OneDrive\\Documentos\\GitHub\\KRMCFrontend\\src\\app\\api.js","statementMap":{"0":{"start":{"line":3,"column":16},"end":{"line":3,"column":44}},"1":{"start":{"line":5,"column":23},"end":{"line":9,"column":1}},"2":{"start":{"line":6,"column":18},"end":{"line":6,"column":176}},"3":{"start":{"line":8,"column":4},"end":{"line":8,"column":33}},"4":{"start":{"line":12,"column":28},"end":{"line":12,"column":103}},"5":{"start":{"line":12,"column":34},"end":{"line":12,"column":103}},"6":{"start":{"line":13,"column":30},"end":{"line":13,"column":116}},"7":{"start":{"line":13,"column":40},"end":{"line":13,"column":116}},"8":{"start":{"line":14,"column":30},"end":{"line":14,"column":124}},"9":{"start":{"line":14,"column":44},"end":{"line":14,"column":124}},"10":{"start":{"line":15,"column":30},"end":{"line":15,"column":115}},"11":{"start":{"line":15,"column":38},"end":{"line":15,"column":115}},"12":{"start":{"line":18,"column":31},"end":{"line":18,"column":109}},"13":{"start":{"line":18,"column":37},"end":{"line":18,"column":109}},"14":{"start":{"line":19,"column":33},"end":{"line":19,"column":122}},"15":{"start":{"line":19,"column":43},"end":{"line":19,"column":122}},"16":{"start":{"line":20,"column":34},"end":{"line":20,"column":131}},"17":{"start":{"line":20,"column":48},"end":{"line":20,"column":131}},"18":{"start":{"line":21,"column":33},"end":{"line":21,"column":121}},"19":{"start":{"line":21,"column":41},"end":{"line":21,"column":121}},"20":{"start":{"line":23,"column":25},"end":{"line":23,"column":75}},"21":{"start":{"line":23,"column":35},"end":{"line":23,"column":75}},"22":{"start":{"line":24,"column":28},"end":{"line":24,"column":81}},"23":{"start":{"line":24,"column":38},"end":{"line":24,"column":81}},"24":{"start":{"line":26,"column":30},"end":{"line":26,"column":109}},"25":{"start":{"line":26,"column":41},"end":{"line":26,"column":109}}},"fnMap":{"0":{"name":"(anonymous_0)","decl":{"start":{"line":5,"column":23},"end":{"line":5,"column":24}},"loc":{"start":{"line":5,"column":29},"end":{"line":9,"column":1}},"line":5},"1":{"name":"(anonymous_1)","decl":{"start":{"line":12,"column":28},"end":{"line":12,"column":29}},"loc":{"start":{"line":12,"column":34},"end":{"line":12,"column":103}},"line":12},"2":{"name":"(anonymous_2)","decl":{"start":{"line":13,"column":30},"end":{"line":13,"column":31}},"loc":{"start":{"line":13,"column":40},"end":{"line":13,"column":116}},"line":13},"3":{"name":"(anonymous_3)","decl":{"start":{"line":14,"column":30},"end":{"line":14,"column":31}},"loc":{"start":{"line":14,"column":44},"end":{"line":14,"column":124}},"line":14},"4":{"name":"(anonymous_4)","decl":{"start":{"line":15,"column":30},"end":{"line":15,"column":31}},"loc":{"start":{"line":15,"column":38},"end":{"line":15,"column":115}},"line":15},"5":{"name":"(anonymous_5)","decl":{"start":{"line":18,"column":31},"end":{"line":18,"column":32}},"loc":{"start":{"line":18,"column":37},"end":{"line":18,"column":109}},"line":18},"6":{"name":"(anonymous_6)","decl":{"start":{"line":19,"column":33},"end":{"line":19,"column":34}},"loc":{"start":{"line":19,"column":43},"end":{"line":19,"column":122}},"line":19},"7":{"name":"(anonymous_7)","decl":{"start":{"line":20,"column":34},"end":{"line":20,"column":35}},"loc":{"start":{"line":20,"column":48},"end":{"line":20,"column":131}},"line":20},"8":{"name":"(anonymous_8)","decl":{"start":{"line":21,"column":33},"end":{"line":21,"column":34}},"loc":{"start":{"line":21,"column":41},"end":{"line":21,"column":121}},"line":21},"9":{"name":"(anonymous_9)","decl":{"start":{"line":23,"column":25},"end":{"line":23,"column":26}},"loc":{"start":{"line":23,"column":35},"end":{"line":23,"column":75}},"line":23},"10":{"name":"(anonymous_10)","decl":{"start":{"line":24,"column":28},"end":{"line":24,"column":29}},"loc":{"start":{"line":24,"column":38},"end":{"line":24,"column":81}},"line":24},"11":{"name":"(anonymous_11)","decl":{"start":{"line":26,"column":30},"end":{"line":26,"column":31}},"loc":{"start":{"line":26,"column":41},"end":{"line":26,"column":109}},"line":26}},"branchMap":{},"s":{"0":4,"1":4,"2":4,"3":4,"4":4,"5":4,"6":4,"7":0,"8":4,"9":0,"10":4,"11":0,"12":4,"13":0,"14":4,"15":0,"16":4,"17":0,"18":4,"19":0,"20":4,"21":0,"22":4,"23":0,"24":4,"25":0},"f":{"0":4,"1":4,"2":0,"3":0,"4":0,"5":0,"6":0,"7":0,"8":0,"9":0,"10":0,"11":0},"b":{},"_coverageSchema":"1a1c01bbd47fc00a2c39e90264f33305004495a9","hash":"a639f8042c688452256f6ef1f86339f9e56b1486"}
,"C:\\Users\\nicol\\OneDrive\\Documentos\\GitHub\\KRMCFrontend\\src\\components\\ApplicationForm.jsx": {"path":"C:\\Users\\nicol\\OneDrive\\Documentos\\GitHub\\KRMCFrontend\\src\\components\\ApplicationForm.jsx","statementMap":{"0":{"start":{"line":5,"column":24},"end":{"line":124,"column":1}},"1":{"start":{"line":6,"column":32},"end":{"line":6,"column":44}},"2":{"start":{"line":7,"column":42},"end":{"line":7,"column":54}},"3":{"start":{"line":8,"column":34},"end":{"line":8,"column":46}},"4":{"start":{"line":9,"column":40},"end":{"line":9,"column":52}},"5":{"start":{"line":10,"column":30},"end":{"line":10,"column":42}},"6":{"start":{"line":11,"column":34},"end":{"line":11,"column":46}},"7":{"start":{"line":14,"column":4},"end":{"line":21,"column":28}},"8":{"start":{"line":15,"column":8},"end":{"line":20,"column":9}},"9":{"start":{"line":16,"column":12},"end":{"line":16,"column":48}},"10":{"start":{"line":17,"column":12},"end":{"line":17,"column":58}},"11":{"start":{"line":18,"column":12},"end":{"line":18,"column":50}},"12":{"start":{"line":19,"column":12},"end":{"line":19,"column":56}},"13":{"start":{"line":23,"column":25},"end":{"line":48,"column":5}},"14":{"start":{"line":24,"column":8},"end":{"line":24,"column":27}},"15":{"start":{"line":28,"column":28},"end":{"line":28,"column":72}},"16":{"start":{"line":29,"column":8},"end":{"line":47,"column":9}},"17":{"start":{"line":30,"column":12},"end":{"line":38,"column":13}},"18":{"start":{"line":31,"column":16},"end":{"line":33,"column":78}},"19":{"start":{"line":32,"column":38},"end":{"line":32,"column":67}},"20":{"start":{"line":33,"column":38},"end":{"line":33,"column":74}},"21":{"start":{"line":34,"column":16},"end":{"line":34,"column":28}},"22":{"start":{"line":36,"column":16},"end":{"line":37,"column":118}},"23":{"start":{"line":36,"column":70},"end":{"line":36,"column":99}},"24":{"start":{"line":37,"column":38},"end":{"line":37,"column":77}},"25":{"start":{"line":37,"column":78},"end":{"line":37,"column":114}},"26":{"start":{"line":39,"column":12},"end":{"line":39,"column":33}},"27":{"start":{"line":40,"column":12},"end":{"line":40,"column":26}},"28":{"start":{"line":41,"column":12},"end":{"line":41,"column":31}},"29":{"start":{"line":42,"column":12},"end":{"line":42,"column":27}},"30":{"start":{"line":43,"column":12},"end":{"line":43,"column":30}},"31":{"start":{"line":46,"column":12},"end":{"line":46,"column":65}},"32":{"start":{"line":50,"column":38},"end":{"line":50,"column":50}},"33":{"start":{"line":51,"column":4},"end":{"line":53,"column":11}},"34":{"start":{"line":52,"column":8},"end":{"line":52,"column":25}},"35":{"start":{"line":55,"column":27},"end":{"line":63,"column":5}},"36":{"start":{"line":56,"column":8},"end":{"line":62,"column":9}},"37":{"start":{"line":57,"column":29},"end":{"line":57,"column":49}},"38":{"start":{"line":58,"column":12},"end":{"line":58,"column":45}},"39":{"start":{"line":59,"column":12},"end":{"line":59,"column":43}},"40":{"start":{"line":61,"column":12},"end":{"line":61,"column":64}},"41":{"start":{"line":66,"column":4},"end":{"line":123,"column":6}},"42":{"start":{"line":86,"column":137},"end":{"line":86,"column":162}},"43":{"start":{"line":90,"column":152},"end":{"line":90,"column":182}},"44":{"start":{"line":94,"column":140},"end":{"line":94,"column":166}},"45":{"start":{"line":100,"column":115},"end":{"line":100,"column":144}},"46":{"start":{"line":105,"column":44},"end":{"line":105,"column":116}}},"fnMap":{"0":{"name":"(anonymous_0)","decl":{"start":{"line":5,"column":24},"end":{"line":5,"column":25}},"loc":{"start":{"line":5,"column":82},"end":{"line":124,"column":1}},"line":5},"1":{"name":"(anonymous_1)","decl":{"start":{"line":14,"column":14},"end":{"line":14,"column":15}},"loc":{"start":{"line":14,"column":20},"end":{"line":21,"column":5}},"line":14},"2":{"name":"(anonymous_2)","decl":{"start":{"line":23,"column":25},"end":{"line":23,"column":26}},"loc":{"start":{"line":23,"column":38},"end":{"line":48,"column":5}},"line":23},"3":{"name":"(anonymous_3)","decl":{"start":{"line":32,"column":26},"end":{"line":32,"column":27}},"loc":{"start":{"line":32,"column":36},"end":{"line":32,"column":69}},"line":32},"4":{"name":"(anonymous_4)","decl":{"start":{"line":33,"column":27},"end":{"line":33,"column":28}},"loc":{"start":{"line":33,"column":36},"end":{"line":33,"column":76}},"line":33},"5":{"name":"(anonymous_5)","decl":{"start":{"line":36,"column":58},"end":{"line":36,"column":59}},"loc":{"start":{"line":36,"column":68},"end":{"line":36,"column":101}},"line":36},"6":{"name":"(anonymous_6)","decl":{"start":{"line":37,"column":27},"end":{"line":37,"column":28}},"loc":{"start":{"line":37,"column":36},"end":{"line":37,"column":116}},"line":37},"7":{"name":"(anonymous_7)","decl":{"start":{"line":51,"column":14},"end":{"line":51,"column":15}},"loc":{"start":{"line":51,"column":20},"end":{"line":53,"column":5}},"line":51},"8":{"name":"(anonymous_8)","decl":{"start":{"line":55,"column":27},"end":{"line":55,"column":28}},"loc":{"start":{"line":55,"column":39},"end":{"line":63,"column":5}},"line":55},"9":{"name":"(anonymous_9)","decl":{"start":{"line":86,"column":130},"end":{"line":86,"column":131}},"loc":{"start":{"line":86,"column":137},"end":{"line":86,"column":162}},"line":86},"10":{"name":"(anonymous_10)","decl":{"start":{"line":90,"column":145},"end":{"line":90,"column":146}},"loc":{"start":{"line":90,"column":152},"end":{"line":90,"column":182}},"line":90},"11":{"name":"(anonymous_11)","decl":{"start":{"line":94,"column":133},"end":{"line":94,"column":134}},"loc":{"start":{"line":94,"column":140},"end":{"line":94,"column":166}},"line":94},"12":{"name":"(anonymous_12)","decl":{"start":{"line":100,"column":108},"end":{"line":100,"column":109}},"loc":{"start":{"line":100,"column":115},"end":{"line":100,"column":144}},"line":100},"13":{"name":"(anonymous_13)","decl":{"start":{"line":104,"column":54},"end":{"line":104,"column":55}},"loc":{"start":{"line":105,"column":44},"end":{"line":105,"column":116}},"line":105}},"branchMap":{"0":{"loc":{"start":{"line":15,"column":8},"end":{"line":20,"column":9}},"type":"if","locations":[{"start":{"line":15,"column":8},"end":{"line":20,"column":9}},{"start":{},"end":{}}],"line":15},"1":{"loc":{"start":{"line":30,"column":12},"end":{"line":38,"column":13}},"type":"if","locations":[{"start":{"line":30,"column":12},"end":{"line":38,"column":13}},{"start":{"line":35,"column":19},"end":{"line":38,"column":13}}],"line":30},"2":{"loc":{"start":{"line":74,"column":21},"end":{"line":76,"column":26}},"type":"binary-expr","locations":[{"start":{"line":74,"column":21},"end":{"line":74,"column":28}},{"start":{"line":74,"column":32},"end":{"line":76,"column":26}}],"line":74},"3":{"loc":{"start":{"line":78,"column":21},"end":{"line":80,"column":26}},"type":"binary-expr","locations":[{"start":{"line":78,"column":21},"end":{"line":78,"column":26}},{"start":{"line":78,"column":30},"end":{"line":80,"column":26}}],"line":78},"4":{"loc":{"start":{"line":97,"column":25},"end":{"line":109,"column":34}},"type":"binary-expr","locations":[{"start":{"line":97,"column":25},"end":{"line":97,"column":50}},{"start":{"line":98,"column":28},"end":{"line":109,"column":34}}],"line":97},"5":{"loc":{"start":{"line":103,"column":37},"end":{"line":106,"column":85}},"type":"cond-expr","locations":[{"start":{"line":104,"column":40},"end":{"line":106,"column":42}},{"start":{"line":106,"column":47},"end":{"line":106,"column":85}}],"line":103},"6":{"loc":{"start":{"line":113,"column":79},"end":{"line":113,"column":123}},"type":"cond-expr","locations":[{"start":{"line":113,"column":99},"end":{"line":113,"column":111}},{"start":{"line":113,"column":114},"end":{"line":113,"column":123}}],"line":113},"7":{"loc":{"start":{"line":114,"column":29},"end":{"line":114,"column":122}},"type":"binary-expr","locations":[{"start":{"line":114,"column":29},"end":{"line":114,"column":46}},{"start":{"line":114,"column":50},"end":{"line":114,"column":122}}],"line":114}},"s":{"0":4,"1":4,"2":4,"3":4,"4":4,"5":4,"6":4,"7":4,"8":4,"9":0,"10":0,"11":0,"12":0,"13":4,"14":0,"15":0,"16":0,"17":0,"18":0,"19":0,"20":0,"21":0,"22":0,"23":0,"24":0,"25":0,"26":0,"27":0,"28":0,"29":0,"30":0,"31":0,"32":4,"33":4,"34":4,"35":4,"36":4,"37":4,"38":0,"39":0,"40":0,"41":4,"42":0,"43":0,"44":0,"45":0,"46":0},"f":{"0":4,"1":4,"2":0,"3":0,"4":0,"5":0,"6":0,"7":4,"8":4,"9":0,"10":0,"11":0,"12":0,"13":0},"b":{"0":[0,4],"1":[0,0],"2":[4,0],"3":[4,0],"4":[4,4],"5":[0,4],"6":[0,4],"7":[4,0]},"_coverageSchema":"1a1c01bbd47fc00a2c39e90264f33305004495a9","hash":"0a09ecae4229ec88fc390dc804de289d58f2f75a"}
}
