TN:
SF:src\app\api.js
FN:5,(anonymous_0)
FN:12,(anonymous_1)
FN:13,(anonymous_2)
FN:14,(anonymous_3)
FN:15,(anonymous_4)
FN:18,(anonymous_5)
FN:19,(anonymous_6)
FN:20,(anonymous_7)
FN:21,(anonymous_8)
FN:23,(anonymous_9)
FN:24,(anonymous_10)
FN:26,(anonymous_11)
FNF:12
FNH:2
FNDA:4,(anonymous_0)
FNDA:4,(anonymous_1)
FNDA:0,(anonymous_2)
FNDA:0,(anonymous_3)
FNDA:0,(anonymous_4)
FNDA:0,(anonymous_5)
FNDA:0,(anonymous_6)
FNDA:0,(anonymous_7)
FNDA:0,(anonymous_8)
FNDA:0,(anonymous_9)
FNDA:0,(anonymous_10)
FNDA:0,(anonymous_11)
DA:3,4
DA:5,4
DA:6,4
DA:8,4
DA:12,4
DA:13,4
DA:14,4
DA:15,4
DA:18,4
DA:19,4
DA:20,4
DA:21,4
DA:23,4
DA:24,4
DA:26,4
LF:15
LH:15
BRF:0
BRH:0
end_of_record
TN:
SF:src\components\ApplicationForm.jsx
FN:5,(anonymous_0)
FN:14,(anonymous_1)
FN:23,(anonymous_2)
FN:32,(anonymous_3)
FN:33,(anonymous_4)
FN:36,(anonymous_5)
FN:37,(anonymous_6)
FN:51,(anonymous_7)
FN:55,(anonymous_8)
FN:86,(anonymous_9)
FN:90,(anonymous_10)
FN:94,(anonymous_11)
FN:100,(anonymous_12)
FN:104,(anonymous_13)
FNF:14
FNH:4
FNDA:4,(anonymous_0)
FNDA:4,(anonymous_1)
FNDA:0,(anonymous_2)
FNDA:0,(anonymous_3)
FNDA:0,(anonymous_4)
FNDA:0,(anonymous_5)
FNDA:0,(anonymous_6)
FNDA:4,(anonymous_7)
FNDA:4,(anonymous_8)
FNDA:0,(anonymous_9)
FNDA:0,(anonymous_10)
FNDA:0,(anonymous_11)
FNDA:0,(anonymous_12)
FNDA:0,(anonymous_13)
DA:5,4
DA:6,4
DA:7,4
DA:8,4
DA:9,4
DA:10,4
DA:11,4
DA:14,4
DA:15,4
DA:16,0
DA:17,0
DA:18,0
DA:19,0
DA:23,4
DA:24,0
DA:28,0
DA:29,0
DA:30,0
DA:31,0
DA:32,0
DA:33,0
DA:34,0
DA:36,0
DA:37,0
DA:39,0
DA:40,0
DA:41,0
DA:42,0
DA:43,0
DA:46,0
DA:50,4
DA:51,4
DA:52,4
DA:55,4
DA:56,4
DA:57,4
DA:58,0
DA:59,0
DA:61,0
DA:66,4
DA:86,0
DA:90,0
DA:94,0
DA:100,0
DA:105,0
LF:45
LH:17
BRDA:15,0,0,0
BRDA:15,0,1,4
BRDA:30,1,0,0
BRDA:30,1,1,0
BRDA:74,2,0,4
BRDA:74,2,1,0
BRDA:78,3,0,4
BRDA:78,3,1,0
BRDA:97,4,0,4
BRDA:97,4,1,4
BRDA:103,5,0,0
BRDA:103,5,1,4
BRDA:113,6,0,0
BRDA:113,6,1,4
BRDA:114,7,0,4
BRDA:114,7,1,0
BRF:16
BRH:8
end_of_record
